# JRE version: Java(TM) SE Runtime Environment (8.0_144-b01) (build 1.8.0_144-b01)
# Java VM: Java HotSpot(TM) 64-Bit Server VM (25.144-b01 mixed mode windows-amd64 compressed oops)
Heap:
 PSYoungGen      total 281088K, used 46290K [0x00000000d5d80000, 0x00000000e7b80000, 0x0000000100000000)
  eden space 269312K, 17% used [0x00000000d5d80000,0x00000000d8ab48d0,0x00000000e6480000)
  from space 11776K, 0% used [0x00000000e7000000,0x00000000e7000000,0x00000000e7b80000)
  to   space 11776K, 0% used [0x00000000e6480000,0x00000000e6480000,0x00000000e7000000)
 ParOldGen       total 88064K, used 39041K [0x0000000081800000, 0x0000000086e00000, 0x00000000d5d80000)
  object space 88064K, 44% used [0x0000000081800000,0x0000000083e204a0,0x0000000086e00000)
 Metaspace       used 68291K, capacity 72422K, committed 72576K, reserved 1112064K
  class space    used 8858K, capacity 9498K, committed 9600K, reserved 1048576K
GC Heap History (10 events):
Event: 14113.465 GC heap before
{Heap before GC invocations=38 (full 8):
 PSYoungGen      total 262656K, used 237050K [0x00000000d5d80000, 0x00000000e7000000, 0x0000000100000000)
  eden space 256512K, 92% used [0x00000000d5d80000,0x00000000e44fea58,0x00000000e5800000)
  from space 6144K, 0% used [0x00000000e5880000,0x00000000e5880000,0x00000000e5e80000)
  to   space 12288K, 0% used [0x00000000e6400000,0x00000000e6400000,0x00000000e7000000)
 ParOldGen       total 88064K, used 35067K [0x0000000081800000, 0x0000000086e00000, 0x00000000d5d80000)
  object space 88064K, 39% used [0x0000000081800000,0x0000000083a3ef48,0x0000000086e00000)
 Metaspace       used 66168K, capacity 70162K, committed 70400K, reserved 1110016K
  class space    used 8561K, capacity 9173K, committed 9216K, reserved 1048576K
Event: 14113.474 GC heap after
Heap after GC invocations=38 (full 8):
 PSYoungGen      total 267776K, used 6568K [0x00000000d5d80000, 0x00000000e6f00000, 0x0000000100000000)
  eden space 256512K, 0% used [0x00000000d5d80000,0x00000000d5d80000,0x00000000e5800000)
  from space 11264K, 58% used [0x00000000e6400000,0x00000000e6a6a1d0,0x00000000e6f00000)
  to   space 11776K, 0% used [0x00000000e5800000,0x00000000e5800000,0x00000000e6380000)
 ParOldGen       total 88064K, used 35075K [0x0000000081800000, 0x0000000086e00000, 0x00000000d5d80000)
  object space 88064K, 39% used [0x0000000081800000,0x0000000083a40f48,0x0000000086e00000)
 Metaspace       used 66168K, capacity 70162K, committed 70400K, reserved 1110016K
  class space    used 8561K, capacity 9173K, committed 9216K, reserved 1048576K
}
Event: 14113.474 GC heap before
{Heap before GC invocations=39 (full 9):
 PSYoungGen      total 267776K, used 6568K [0x00000000d5d80000, 0x00000000e6f00000, 0x0000000100000000)
  eden space 256512K, 0% used [0x00000000d5d80000,0x00000000d5d80000,0x00000000e5800000)
  from space 11264K, 58% used [0x00000000e6400000,0x00000000e6a6a1d0,0x00000000e6f00000)
  to   space 11776K, 0% used [0x00000000e5800000,0x00000000e5800000,0x00000000e6380000)
 ParOldGen       total 88064K, used 35075K [0x0000000081800000, 0x0000000086e00000, 0x00000000d5d80000)
  object space 88064K, 39% used [0x0000000081800000,0x0000000083a40f48,0x0000000086e00000)
 Metaspace       used 66168K, capacity 70162K, committed 70400K, reserved 1110016K
  class space    used 8561K, capacity 9173K, committed 9216K, reserved 1048576K
Event: 14113.829 GC heap after
Heap after GC invocations=39 (full 9):
 PSYoungGen      total 267776K, used 0K [0x00000000d5d80000, 0x00000000e6f00000, 0x0000000100000000)
  eden space 256512K, 0% used [0x00000000d5d80000,0x00000000d5d80000,0x00000000e5800000)
  from space 11264K, 0% used [0x00000000e6400000,0x00000000e6400000,0x00000000e6f00000)
  to   space 11776K, 0% used [0x00000000e5800000,0x00000000e5800000,0x00000000e6380000)
 ParOldGen       total 88064K, used 39208K [0x0000000081800000, 0x0000000086e00000, 0x00000000d5d80000)
  object space 88064K, 44% used [0x0000000081800000,0x0000000083e4a160,0x0000000086e00000)
 Metaspace       used 66162K, capacity 70150K, committed 70400K, reserved 1110016K
  class space    used 8560K, capacity 9170K, committed 9216K, reserved 1048576K
}
Event: 14189.049 GC heap before
{Heap before GC invocations=40 (full 9):
 PSYoungGen      total 267776K, used 256512K [0x00000000d5d80000, 0x00000000e6f00000, 0x0000000100000000)
  eden space 256512K, 100% used [0x00000000d5d80000,0x00000000e5800000,0x00000000e5800000)
  from space 11264K, 0% used [0x00000000e6400000,0x00000000e6400000,0x00000000e6f00000)
  to   space 11776K, 0% used [0x00000000e5800000,0x00000000e5800000,0x00000000e6380000)
 ParOldGen       total 88064K, used 39208K [0x0000000081800000, 0x0000000086e00000, 0x00000000d5d80000)
  object space 88064K, 44% used [0x0000000081800000,0x0000000083e4a160,0x0000000086e00000)
 Metaspace       used 67950K, capacity 71976K, committed 72192K, reserved 1112064K
  class space    used 8788K, capacity 9409K, committed 9472K, reserved 1048576K
Event: 14189.063 GC heap after
Heap after GC invocations=40 (full 9):
 PSYoungGen      total 268288K, used 7653K [0x00000000d5d80000, 0x00000000e7b80000, 0x0000000100000000)
  eden space 256512K, 0% used [0x00000000d5d80000,0x00000000d5d80000,0x00000000e5800000)
  from space 11776K, 64% used [0x00000000e5800000,0x00000000e5f79520,0x00000000e6380000)
  to   space 11776K, 0% used [0x00000000e7000000,0x00000000e7000000,0x00000000e7b80000)
 ParOldGen       total 88064K, used 39216K [0x0000000081800000, 0x0000000086e00000, 0x00000000d5d80000)
  object space 88064K, 44% used [0x0000000081800000,0x0000000083e4c160,0x0000000086e00000)
 Metaspace       used 67950K, capacity 71976K, committed 72192K, reserved 1112064K
  class space    used 8788K, capacity 9409K, committed 9472K, reserved 1048576K
}
Event: 14302.803 GC heap before
{Heap before GC invocations=41 (full 9):
 PSYoungGen      total 268288K, used 52012K [0x00000000d5d80000, 0x00000000e7b80000, 0x0000000100000000)
  eden space 256512K, 17% used [0x00000000d5d80000,0x00000000d88d1e28,0x00000000e5800000)
  from space 11776K, 64% used [0x00000000e5800000,0x00000000e5f79520,0x00000000e6380000)
  to   space 11776K, 0% used [0x00000000e7000000,0x00000000e7000000,0x00000000e7b80000)
 ParOldGen       total 88064K, used 39216K [0x0000000081800000, 0x0000000086e00000, 0x00000000d5d80000)
  object space 88064K, 44% used [0x0000000081800000,0x0000000083e4c160,0x0000000086e00000)
 Metaspace       used 67957K, capacity 71982K, committed 72192K, reserved 1112064K
  class space    used 8789K, capacity 9411K, committed 9472K, reserved 1048576K
Event: 14302.816 GC heap after
Heap after GC invocations=41 (full 9):
 PSYoungGen      total 281088K, used 4341K [0x00000000d5d80000, 0x00000000e7b80000, 0x0000000100000000)
  eden space 269312K, 0% used [0x00000000d5d80000,0x00000000d5d80000,0x00000000e6480000)
  from space 11776K, 36% used [0x00000000e7000000,0x00000000e743d710,0x00000000e7b80000)
  to   space 11776K, 0% used [0x00000000e6480000,0x00000000e6480000,0x00000000e7000000)
 ParOldGen       total 88064K, used 39224K [0x0000000081800000, 0x0000000086e00000, 0x00000000d5d80000)
  object space 88064K, 44% used [0x0000000081800000,0x0000000083e4e160,0x0000000086e00000)
 Metaspace       used 67957K, capacity 71982K, committed 72192K, reserved 1112064K
  class space    used 8789K, capacity 9411K, committed 9472K, reserved 1048576K
}
Event: 14302.816 GC heap before
{Heap before GC invocations=42 (full 10):
 PSYoungGen      total 281088K, used 4341K [0x00000000d5d80000, 0x00000000e7b80000, 0x0000000100000000)
  eden space 269312K, 0% used [0x00000000d5d80000,0x00000000d5d80000,0x00000000e6480000)
  from space 11776K, 36% used [0x00000000e7000000,0x00000000e743d710,0x00000000e7b80000)
  to   space 11776K, 0% used [0x00000000e6480000,0x00000000e6480000,0x00000000e7000000)
 ParOldGen       total 88064K, used 39224K [0x0000000081800000, 0x0000000086e00000, 0x00000000d5d80000)
  object space 88064K, 44% used [0x0000000081800000,0x0000000083e4e160,0x0000000086e00000)
 Metaspace       used 67957K, capacity 71982K, committed 72192K, reserved 1112064K
  class space    used 8789K, capacity 9411K, committed 9472K, reserved 1048576K
Event: 14303.405 GC heap after
Heap after GC invocations=42 (full 10):
 PSYoungGen      total 281088K, used 0K [0x00000000d5d80000, 0x00000000e7b80000, 0x0000000100000000)
  eden space 269312K, 0% used [0x00000000d5d80000,0x00000000d5d80000,0x00000000e6480000)
  from space 11776K, 0% used [0x00000000e7000000,0x00000000e7000000,0x00000000e7b80000)
  to   space 11776K, 0% used [0x00000000e6480000,0x00000000e6480000,0x00000000e7000000)
 ParOldGen       total 88064K, used 39041K [0x0000000081800000, 0x0000000086e00000, 0x00000000d5d80000)
  object space 88064K, 44% used [0x0000000081800000,0x0000000083e204a0,0x0000000086e00000)
 Metaspace       used 67951K, capacity 71970K, committed 72192K, reserved 1112064K
  class space    used 8788K, capacity 9408K, committed 9472K, reserved 1048576K
}

