# JRE version: Java(TM) SE Runtime Environment (8.0_144-b01) (build 1.8.0_144-b01)
# Java VM: Java HotSpot(TM) 64-Bit Server VM (25.144-b01 mixed mode windows-amd64 compressed oops)
Heap:
 PSYoungGen      total 188416K, used 33530K [0x00000000d5d80000, 0x00000000e6280000, 0x0000000100000000)
  eden space 176640K, 18% used [0x00000000d5d80000,0x00000000d7e3e820,0x00000000e0a00000)
  from space 11776K, 0% used [0x00000000e0a00000,0x00000000e0a00000,0x00000000e1580000)
  to   space 11776K, 0% used [0x00000000e5700000,0x00000000e5700000,0x00000000e6280000)
 ParOldGen       total 58368K, used 17243K [0x0000000081800000, 0x0000000085100000, 0x00000000d5d80000)
  object space 58368K, 29% used [0x0000000081800000,0x00000000828d6e20,0x0000000085100000)
 Metaspace       used 36171K, capacity 38036K, committed 38272K, reserved 1083392K
  class space    used 4852K, capacity 5218K, committed 5248K, reserved 1048576K
GC Heap History (10 events):
Event: 9.404 GC heap before
{Heap before GC invocations=7 (full 1):
 PSYoungGen      total 71680K, used 66560K [0x00000000d5d80000, 0x00000000df480000, 0x0000000100000000)
  eden space 66560K, 100% used [0x00000000d5d80000,0x00000000d9e80000,0x00000000d9e80000)
  from space 5120K, 0% used [0x00000000d9e80000,0x00000000d9e80000,0x00000000da380000)
  to   space 10752K, 0% used [0x00000000dea00000,0x00000000dea00000,0x00000000df480000)
 ParOldGen       total 58368K, used 9628K [0x0000000081800000, 0x0000000085100000, 0x00000000d5d80000)
  object space 58368K, 16% used [0x0000000081800000,0x0000000082167150,0x0000000085100000)
 Metaspace       used 23676K, capacity 24602K, committed 24704K, reserved 1071104K
  class space    used 3152K, capacity 3399K, committed 3456K, reserved 1048576K
Event: 9.413 GC heap after
Heap after GC invocations=7 (full 1):
 PSYoungGen      total 116224K, used 5895K [0x00000000d5d80000, 0x00000000df000000, 0x0000000100000000)
  eden space 110080K, 0% used [0x00000000d5d80000,0x00000000d5d80000,0x00000000dc900000)
  from space 6144K, 95% used [0x00000000dea00000,0x00000000defc1e00,0x00000000df000000)
  to   space 10240K, 0% used [0x00000000ddc00000,0x00000000ddc00000,0x00000000de600000)
 ParOldGen       total 58368K, used 9636K [0x0000000081800000, 0x0000000085100000, 0x00000000d5d80000)
  object space 58368K, 16% used [0x0000000081800000,0x0000000082169150,0x0000000085100000)
 Metaspace       used 23676K, capacity 24602K, committed 24704K, reserved 1071104K
  class space    used 3152K, capacity 3399K, committed 3456K, reserved 1048576K
}
Event: 11.238 GC heap before
{Heap before GC invocations=8 (full 1):
 PSYoungGen      total 116224K, used 115975K [0x00000000d5d80000, 0x00000000df000000, 0x0000000100000000)
  eden space 110080K, 100% used [0x00000000d5d80000,0x00000000dc900000,0x00000000dc900000)
  from space 6144K, 95% used [0x00000000dea00000,0x00000000defc1e00,0x00000000df000000)
  to   space 10240K, 0% used [0x00000000ddc00000,0x00000000ddc00000,0x00000000de600000)
 ParOldGen       total 58368K, used 9636K [0x0000000081800000, 0x0000000085100000, 0x00000000d5d80000)
  object space 58368K, 16% used [0x0000000081800000,0x0000000082169150,0x0000000085100000)
 Metaspace       used 32320K, capacity 33586K, committed 33920K, reserved 1079296K
  class space    used 4348K, capacity 4661K, committed 4736K, reserved 1048576K
Event: 11.252 GC heap after
Heap after GC invocations=8 (full 1):
 PSYoungGen      total 139776K, used 10211K [0x00000000d5d80000, 0x00000000e2100000, 0x0000000100000000)
  eden space 129536K, 0% used [0x00000000d5d80000,0x00000000d5d80000,0x00000000ddc00000)
  from space 10240K, 99% used [0x00000000ddc00000,0x00000000de5f8d18,0x00000000de600000)
  to   space 11776K, 0% used [0x00000000e1580000,0x00000000e1580000,0x00000000e2100000)
 ParOldGen       total 58368K, used 10241K [0x0000000081800000, 0x0000000085100000, 0x00000000d5d80000)
  object space 58368K, 17% used [0x0000000081800000,0x0000000082200600,0x0000000085100000)
 Metaspace       used 32320K, capacity 33586K, committed 33920K, reserved 1079296K
  class space    used 4348K, capacity 4661K, committed 4736K, reserved 1048576K
}
Event: 15.004 GC heap before
{Heap before GC invocations=9 (full 1):
 PSYoungGen      total 139776K, used 139747K [0x00000000d5d80000, 0x00000000e2100000, 0x0000000100000000)
  eden space 129536K, 100% used [0x00000000d5d80000,0x00000000ddc00000,0x00000000ddc00000)
  from space 10240K, 99% used [0x00000000ddc00000,0x00000000de5f8d18,0x00000000de600000)
  to   space 11776K, 0% used [0x00000000e1580000,0x00000000e1580000,0x00000000e2100000)
 ParOldGen       total 58368K, used 10241K [0x0000000081800000, 0x0000000085100000, 0x00000000d5d80000)
  object space 58368K, 17% used [0x0000000081800000,0x0000000082200600,0x0000000085100000)
 Metaspace       used 33539K, capacity 34812K, committed 35072K, reserved 1079296K
  class space    used 4478K, capacity 4764K, committed 4864K, reserved 1048576K
Event: 15.018 GC heap after
Heap after GC invocations=9 (full 1):
 PSYoungGen      total 188416K, used 8924K [0x00000000d5d80000, 0x00000000e3880000, 0x0000000100000000)
  eden space 176640K, 0% used [0x00000000d5d80000,0x00000000d5d80000,0x00000000e0a00000)
  from space 11776K, 75% used [0x00000000e1580000,0x00000000e1e37138,0x00000000e2100000)
  to   space 11776K, 0% used [0x00000000e0a00000,0x00000000e0a00000,0x00000000e1580000)
 ParOldGen       total 58368K, used 10249K [0x0000000081800000, 0x0000000085100000, 0x00000000d5d80000)
  object space 58368K, 17% used [0x0000000081800000,0x0000000082202600,0x0000000085100000)
 Metaspace       used 33539K, capacity 34812K, committed 35072K, reserved 1079296K
  class space    used 4478K, capacity 4764K, committed 4864K, reserved 1048576K
}
Event: 15.253 GC heap before
{Heap before GC invocations=10 (full 1):
 PSYoungGen      total 188416K, used 19860K [0x00000000d5d80000, 0x00000000e3880000, 0x0000000100000000)
  eden space 176640K, 6% used [0x00000000d5d80000,0x00000000d682e250,0x00000000e0a00000)
  from space 11776K, 75% used [0x00000000e1580000,0x00000000e1e37138,0x00000000e2100000)
  to   space 11776K, 0% used [0x00000000e0a00000,0x00000000e0a00000,0x00000000e1580000)
 ParOldGen       total 58368K, used 10249K [0x0000000081800000, 0x0000000085100000, 0x00000000d5d80000)
  object space 58368K, 17% used [0x0000000081800000,0x0000000082202600,0x0000000085100000)
 Metaspace       used 33963K, capacity 35380K, committed 35496K, reserved 1079296K
  class space    used 4542K, capacity 4838K, committed 4864K, reserved 1048576K
Event: 15.265 GC heap after
Heap after GC invocations=10 (full 1):
 PSYoungGen      total 188416K, used 7540K [0x00000000d5d80000, 0x00000000e6280000, 0x0000000100000000)
  eden space 176640K, 0% used [0x00000000d5d80000,0x00000000d5d80000,0x00000000e0a00000)
  from space 11776K, 64% used [0x00000000e0a00000,0x00000000e115d290,0x00000000e1580000)
  to   space 11776K, 0% used [0x00000000e5700000,0x00000000e5700000,0x00000000e6280000)
 ParOldGen       total 58368K, used 12045K [0x0000000081800000, 0x0000000085100000, 0x00000000d5d80000)
  object space 58368K, 20% used [0x0000000081800000,0x00000000823c3550,0x0000000085100000)
 Metaspace       used 33963K, capacity 35380K, committed 35496K, reserved 1079296K
  class space    used 4542K, capacity 4838K, committed 4864K, reserved 1048576K
}
Event: 15.265 GC heap before
{Heap before GC invocations=11 (full 2):
 PSYoungGen      total 188416K, used 7540K [0x00000000d5d80000, 0x00000000e6280000, 0x0000000100000000)
  eden space 176640K, 0% used [0x00000000d5d80000,0x00000000d5d80000,0x00000000e0a00000)
  from space 11776K, 64% used [0x00000000e0a00000,0x00000000e115d290,0x00000000e1580000)
  to   space 11776K, 0% used [0x00000000e5700000,0x00000000e5700000,0x00000000e6280000)
 ParOldGen       total 58368K, used 12045K [0x0000000081800000, 0x0000000085100000, 0x00000000d5d80000)
  object space 58368K, 20% used [0x0000000081800000,0x00000000823c3550,0x0000000085100000)
 Metaspace       used 33963K, capacity 35380K, committed 35496K, reserved 1079296K
  class space    used 4542K, capacity 4838K, committed 4864K, reserved 1048576K
Event: 15.387 GC heap after
Heap after GC invocations=11 (full 2):
 PSYoungGen      total 188416K, used 0K [0x00000000d5d80000, 0x00000000e6280000, 0x0000000100000000)
  eden space 176640K, 0% used [0x00000000d5d80000,0x00000000d5d80000,0x00000000e0a00000)
  from space 11776K, 0% used [0x00000000e0a00000,0x00000000e0a00000,0x00000000e1580000)
  to   space 11776K, 0% used [0x00000000e5700000,0x00000000e5700000,0x00000000e6280000)
 ParOldGen       total 58368K, used 17243K [0x0000000081800000, 0x0000000085100000, 0x00000000d5d80000)
  object space 58368K, 29% used [0x0000000081800000,0x00000000828d6e20,0x0000000085100000)
 Metaspace       used 33963K, capacity 35380K, committed 35496K, reserved 1079296K
  class space    used 4542K, capacity 4838K, committed 4864K, reserved 1048576K
}

